[2022-02-12 20:06:08,864] {processor.py:163} INFO - Started process (PID=401395) to work on /opt/airflow/dags/data_ingestion_gcs_dag copy.py
[2022-02-12 20:06:08,866] {processor.py:642} INFO - Processing file /opt/airflow/dags/data_ingestion_gcs_dag copy.py for tasks to queue
[2022-02-12 20:06:08,867] {logging_mixin.py:109} INFO - [2022-02-12 20:06:08,867] {dagbag.py:500} INFO - Filling up the DagBag from /opt/airflow/dags/data_ingestion_gcs_dag copy.py
[2022-02-12 20:06:09,884] {processor.py:654} INFO - DAG(s) dict_keys(['data_ingestion_gcs_dag']) retrieved from /opt/airflow/dags/data_ingestion_gcs_dag copy.py
[2022-02-12 20:06:10,220] {logging_mixin.py:109} INFO - [2022-02-12 20:06:10,219] {dag.py:2396} INFO - Sync 1 DAGs
[2022-02-12 20:06:10,238] {logging_mixin.py:109} INFO - [2022-02-12 20:06:10,238] {dag.py:2935} INFO - Setting next_dagrun for data_ingestion_gcs_dag to 2022-02-12T00:00:00+00:00
[2022-02-12 20:06:10,261] {processor.py:171} INFO - Processing /opt/airflow/dags/data_ingestion_gcs_dag copy.py took 1.402 seconds
[2022-02-12 20:06:40,408] {processor.py:163} INFO - Started process (PID=401424) to work on /opt/airflow/dags/data_ingestion_gcs_dag copy.py
[2022-02-12 20:06:40,409] {processor.py:642} INFO - Processing file /opt/airflow/dags/data_ingestion_gcs_dag copy.py for tasks to queue
[2022-02-12 20:06:40,410] {logging_mixin.py:109} INFO - [2022-02-12 20:06:40,410] {dagbag.py:500} INFO - Filling up the DagBag from /opt/airflow/dags/data_ingestion_gcs_dag copy.py
[2022-02-12 20:06:41,447] {processor.py:654} INFO - DAG(s) dict_keys(['data_ingestion_gcs_dag']) retrieved from /opt/airflow/dags/data_ingestion_gcs_dag copy.py
[2022-02-12 20:06:41,463] {logging_mixin.py:109} INFO - [2022-02-12 20:06:41,463] {dag.py:2396} INFO - Sync 1 DAGs
[2022-02-12 20:06:41,494] {logging_mixin.py:109} INFO - [2022-02-12 20:06:41,494] {dag.py:2935} INFO - Setting next_dagrun for data_ingestion_gcs_dag to 2022-02-12T00:00:00+00:00
[2022-02-12 20:06:41,509] {processor.py:171} INFO - Processing /opt/airflow/dags/data_ingestion_gcs_dag copy.py took 1.106 seconds
[2022-02-12 20:07:11,635] {processor.py:163} INFO - Started process (PID=401462) to work on /opt/airflow/dags/data_ingestion_gcs_dag copy.py
[2022-02-12 20:07:11,638] {processor.py:642} INFO - Processing file /opt/airflow/dags/data_ingestion_gcs_dag copy.py for tasks to queue
[2022-02-12 20:07:11,639] {logging_mixin.py:109} INFO - [2022-02-12 20:07:11,639] {dagbag.py:500} INFO - Filling up the DagBag from /opt/airflow/dags/data_ingestion_gcs_dag copy.py
[2022-02-12 20:07:12,606] {processor.py:654} INFO - DAG(s) dict_keys(['data_ingestion_gcs_dag']) retrieved from /opt/airflow/dags/data_ingestion_gcs_dag copy.py
[2022-02-12 20:07:12,610] {logging_mixin.py:109} INFO - [2022-02-12 20:07:12,610] {dag.py:2396} INFO - Sync 1 DAGs
[2022-02-12 20:07:12,629] {logging_mixin.py:109} INFO - [2022-02-12 20:07:12,629] {dag.py:2935} INFO - Setting next_dagrun for data_ingestion_gcs_dag to 2022-02-12T00:00:00+00:00
[2022-02-12 20:07:12,640] {processor.py:171} INFO - Processing /opt/airflow/dags/data_ingestion_gcs_dag copy.py took 1.010 seconds
