[2022-02-13 00:11:30,172] {processor.py:163} INFO - Started process (PID=417303) to work on /opt/airflow/dags/zones_data_ingestion_gcs_dag.py
[2022-02-13 00:11:30,174] {processor.py:642} INFO - Processing file /opt/airflow/dags/zones_data_ingestion_gcs_dag.py for tasks to queue
[2022-02-13 00:11:30,175] {logging_mixin.py:109} INFO - [2022-02-13 00:11:30,174] {dagbag.py:500} INFO - Filling up the DagBag from /opt/airflow/dags/zones_data_ingestion_gcs_dag.py
[2022-02-13 00:11:31,055] {processor.py:654} INFO - DAG(s) dict_keys(['zones_data_ingestion_gcs_dag']) retrieved from /opt/airflow/dags/zones_data_ingestion_gcs_dag.py
[2022-02-13 00:11:32,901] {logging_mixin.py:109} INFO - [2022-02-13 00:11:32,901] {manager.py:496} INFO - Created Permission View: can read on DAG:zones_data_ingestion_gcs_dag
[2022-02-13 00:11:32,912] {logging_mixin.py:109} INFO - [2022-02-13 00:11:32,912] {manager.py:496} INFO - Created Permission View: can edit on DAG:zones_data_ingestion_gcs_dag
[2022-02-13 00:11:32,912] {logging_mixin.py:109} INFO - [2022-02-13 00:11:32,912] {dag.py:2396} INFO - Sync 1 DAGs
[2022-02-13 00:11:32,924] {logging_mixin.py:109} INFO - [2022-02-13 00:11:32,924] {dag.py:2415} INFO - Creating ORM DAG for zones_data_ingestion_gcs_dag
[2022-02-13 00:11:32,935] {logging_mixin.py:109} INFO - [2022-02-13 00:11:32,935] {dag.py:2935} INFO - Setting next_dagrun for zones_data_ingestion_gcs_dag to 2019-01-01T00:00:00+00:00
[2022-02-13 00:11:32,951] {processor.py:171} INFO - Processing /opt/airflow/dags/zones_data_ingestion_gcs_dag.py took 2.785 seconds
[2022-02-13 00:12:03,101] {processor.py:163} INFO - Started process (PID=417349) to work on /opt/airflow/dags/zones_data_ingestion_gcs_dag.py
[2022-02-13 00:12:03,105] {processor.py:642} INFO - Processing file /opt/airflow/dags/zones_data_ingestion_gcs_dag.py for tasks to queue
[2022-02-13 00:12:03,106] {logging_mixin.py:109} INFO - [2022-02-13 00:12:03,106] {dagbag.py:500} INFO - Filling up the DagBag from /opt/airflow/dags/zones_data_ingestion_gcs_dag.py
[2022-02-13 00:12:04,288] {processor.py:654} INFO - DAG(s) dict_keys(['zones_data_ingestion_gcs_dag']) retrieved from /opt/airflow/dags/zones_data_ingestion_gcs_dag.py
[2022-02-13 00:12:04,303] {logging_mixin.py:109} INFO - [2022-02-13 00:12:04,302] {dag.py:2396} INFO - Sync 1 DAGs
[2022-02-13 00:12:04,327] {logging_mixin.py:109} INFO - [2022-02-13 00:12:04,327] {dag.py:2935} INFO - Setting next_dagrun for zones_data_ingestion_gcs_dag to 2019-01-01T00:00:00+00:00
[2022-02-13 00:12:04,337] {processor.py:171} INFO - Processing /opt/airflow/dags/zones_data_ingestion_gcs_dag.py took 1.243 seconds
[2022-02-13 00:12:35,095] {processor.py:163} INFO - Started process (PID=417382) to work on /opt/airflow/dags/zones_data_ingestion_gcs_dag.py
[2022-02-13 00:12:35,096] {processor.py:642} INFO - Processing file /opt/airflow/dags/zones_data_ingestion_gcs_dag.py for tasks to queue
[2022-02-13 00:12:35,097] {logging_mixin.py:109} INFO - [2022-02-13 00:12:35,097] {dagbag.py:500} INFO - Filling up the DagBag from /opt/airflow/dags/zones_data_ingestion_gcs_dag.py
[2022-02-13 00:12:35,938] {processor.py:654} INFO - DAG(s) dict_keys(['zones_data_ingestion_gcs_dag']) retrieved from /opt/airflow/dags/zones_data_ingestion_gcs_dag.py
[2022-02-13 00:12:35,949] {logging_mixin.py:109} INFO - [2022-02-13 00:12:35,948] {dag.py:2396} INFO - Sync 1 DAGs
[2022-02-13 00:12:35,968] {logging_mixin.py:109} INFO - [2022-02-13 00:12:35,967] {dag.py:2935} INFO - Setting next_dagrun for zones_data_ingestion_gcs_dag to 2019-01-01T00:00:00+00:00
[2022-02-13 00:12:35,978] {processor.py:171} INFO - Processing /opt/airflow/dags/zones_data_ingestion_gcs_dag.py took 0.889 seconds
[2022-02-13 00:13:06,512] {processor.py:163} INFO - Started process (PID=417417) to work on /opt/airflow/dags/zones_data_ingestion_gcs_dag.py
[2022-02-13 00:13:06,515] {processor.py:642} INFO - Processing file /opt/airflow/dags/zones_data_ingestion_gcs_dag.py for tasks to queue
[2022-02-13 00:13:06,516] {logging_mixin.py:109} INFO - [2022-02-13 00:13:06,516] {dagbag.py:500} INFO - Filling up the DagBag from /opt/airflow/dags/zones_data_ingestion_gcs_dag.py
[2022-02-13 00:13:07,327] {processor.py:654} INFO - DAG(s) dict_keys(['zones_data_ingestion_gcs_dag']) retrieved from /opt/airflow/dags/zones_data_ingestion_gcs_dag.py
[2022-02-13 00:13:07,338] {logging_mixin.py:109} INFO - [2022-02-13 00:13:07,338] {dag.py:2396} INFO - Sync 1 DAGs
[2022-02-13 00:13:07,356] {logging_mixin.py:109} INFO - [2022-02-13 00:13:07,356] {dag.py:2935} INFO - Setting next_dagrun for zones_data_ingestion_gcs_dag to 2019-01-01T00:00:00+00:00
[2022-02-13 00:13:07,370] {processor.py:171} INFO - Processing /opt/airflow/dags/zones_data_ingestion_gcs_dag.py took 0.863 seconds
[2022-02-13 00:13:37,599] {processor.py:163} INFO - Started process (PID=417463) to work on /opt/airflow/dags/zones_data_ingestion_gcs_dag.py
[2022-02-13 00:13:37,600] {processor.py:642} INFO - Processing file /opt/airflow/dags/zones_data_ingestion_gcs_dag.py for tasks to queue
[2022-02-13 00:13:37,601] {logging_mixin.py:109} INFO - [2022-02-13 00:13:37,601] {dagbag.py:500} INFO - Filling up the DagBag from /opt/airflow/dags/zones_data_ingestion_gcs_dag.py
[2022-02-13 00:13:38,462] {processor.py:654} INFO - DAG(s) dict_keys(['zones_data_ingestion_gcs_dag']) retrieved from /opt/airflow/dags/zones_data_ingestion_gcs_dag.py
[2022-02-13 00:13:38,472] {logging_mixin.py:109} INFO - [2022-02-13 00:13:38,471] {dag.py:2396} INFO - Sync 1 DAGs
[2022-02-13 00:13:38,489] {logging_mixin.py:109} INFO - [2022-02-13 00:13:38,489] {dag.py:2935} INFO - Setting next_dagrun for zones_data_ingestion_gcs_dag to 2019-01-01T00:00:00+00:00
[2022-02-13 00:13:38,501] {processor.py:171} INFO - Processing /opt/airflow/dags/zones_data_ingestion_gcs_dag.py took 0.907 seconds
[2022-02-13 00:14:09,383] {processor.py:163} INFO - Started process (PID=417501) to work on /opt/airflow/dags/zones_data_ingestion_gcs_dag.py
[2022-02-13 00:14:09,385] {processor.py:642} INFO - Processing file /opt/airflow/dags/zones_data_ingestion_gcs_dag.py for tasks to queue
[2022-02-13 00:14:09,386] {logging_mixin.py:109} INFO - [2022-02-13 00:14:09,386] {dagbag.py:500} INFO - Filling up the DagBag from /opt/airflow/dags/zones_data_ingestion_gcs_dag.py
[2022-02-13 00:14:10,224] {processor.py:654} INFO - DAG(s) dict_keys(['zones_data_ingestion_gcs_dag']) retrieved from /opt/airflow/dags/zones_data_ingestion_gcs_dag.py
[2022-02-13 00:14:10,236] {logging_mixin.py:109} INFO - [2022-02-13 00:14:10,236] {dag.py:2396} INFO - Sync 1 DAGs
[2022-02-13 00:14:10,257] {logging_mixin.py:109} INFO - [2022-02-13 00:14:10,257] {dag.py:2935} INFO - Setting next_dagrun for zones_data_ingestion_gcs_dag to 2019-01-01T00:00:00+00:00
[2022-02-13 00:14:10,268] {processor.py:171} INFO - Processing /opt/airflow/dags/zones_data_ingestion_gcs_dag.py took 0.890 seconds
[2022-02-13 00:14:40,650] {processor.py:163} INFO - Started process (PID=417547) to work on /opt/airflow/dags/zones_data_ingestion_gcs_dag.py
[2022-02-13 00:14:40,652] {processor.py:642} INFO - Processing file /opt/airflow/dags/zones_data_ingestion_gcs_dag.py for tasks to queue
[2022-02-13 00:14:40,653] {logging_mixin.py:109} INFO - [2022-02-13 00:14:40,653] {dagbag.py:500} INFO - Filling up the DagBag from /opt/airflow/dags/zones_data_ingestion_gcs_dag.py
[2022-02-13 00:14:41,499] {processor.py:654} INFO - DAG(s) dict_keys(['zones_data_ingestion_gcs_dag']) retrieved from /opt/airflow/dags/zones_data_ingestion_gcs_dag.py
[2022-02-13 00:14:41,514] {logging_mixin.py:109} INFO - [2022-02-13 00:14:41,514] {dag.py:2396} INFO - Sync 1 DAGs
[2022-02-13 00:14:41,545] {logging_mixin.py:109} INFO - [2022-02-13 00:14:41,545] {dag.py:2935} INFO - Setting next_dagrun for zones_data_ingestion_gcs_dag to 2019-01-01T00:00:00+00:00
[2022-02-13 00:14:41,557] {processor.py:171} INFO - Processing /opt/airflow/dags/zones_data_ingestion_gcs_dag.py took 0.911 seconds
[2022-02-13 00:15:11,695] {processor.py:163} INFO - Started process (PID=417582) to work on /opt/airflow/dags/zones_data_ingestion_gcs_dag.py
[2022-02-13 00:15:11,697] {processor.py:642} INFO - Processing file /opt/airflow/dags/zones_data_ingestion_gcs_dag.py for tasks to queue
[2022-02-13 00:15:11,698] {logging_mixin.py:109} INFO - [2022-02-13 00:15:11,697] {dagbag.py:500} INFO - Filling up the DagBag from /opt/airflow/dags/zones_data_ingestion_gcs_dag.py
[2022-02-13 00:15:12,541] {processor.py:654} INFO - DAG(s) dict_keys(['zones_data_ingestion_gcs_dag']) retrieved from /opt/airflow/dags/zones_data_ingestion_gcs_dag.py
[2022-02-13 00:15:12,553] {logging_mixin.py:109} INFO - [2022-02-13 00:15:12,552] {dag.py:2396} INFO - Sync 1 DAGs
[2022-02-13 00:15:12,576] {logging_mixin.py:109} INFO - [2022-02-13 00:15:12,575] {dag.py:2935} INFO - Setting next_dagrun for zones_data_ingestion_gcs_dag to 2019-01-01T00:00:00+00:00
[2022-02-13 00:15:12,591] {processor.py:171} INFO - Processing /opt/airflow/dags/zones_data_ingestion_gcs_dag.py took 0.900 seconds
[2022-02-13 00:15:42,820] {processor.py:163} INFO - Started process (PID=417615) to work on /opt/airflow/dags/zones_data_ingestion_gcs_dag.py
[2022-02-13 00:15:42,822] {processor.py:642} INFO - Processing file /opt/airflow/dags/zones_data_ingestion_gcs_dag.py for tasks to queue
[2022-02-13 00:15:42,823] {logging_mixin.py:109} INFO - [2022-02-13 00:15:42,823] {dagbag.py:500} INFO - Filling up the DagBag from /opt/airflow/dags/zones_data_ingestion_gcs_dag.py
[2022-02-13 00:15:43,927] {processor.py:654} INFO - DAG(s) dict_keys(['zones_data_ingestion_gcs_dag']) retrieved from /opt/airflow/dags/zones_data_ingestion_gcs_dag.py
[2022-02-13 00:15:43,943] {logging_mixin.py:109} INFO - [2022-02-13 00:15:43,943] {dag.py:2396} INFO - Sync 1 DAGs
[2022-02-13 00:15:43,972] {logging_mixin.py:109} INFO - [2022-02-13 00:15:43,972] {dag.py:2935} INFO - Setting next_dagrun for zones_data_ingestion_gcs_dag to 2019-01-01T00:00:00+00:00
[2022-02-13 00:15:43,984] {processor.py:171} INFO - Processing /opt/airflow/dags/zones_data_ingestion_gcs_dag.py took 1.169 seconds
[2022-02-13 00:16:14,091] {processor.py:163} INFO - Started process (PID=417659) to work on /opt/airflow/dags/zones_data_ingestion_gcs_dag.py
[2022-02-13 00:16:14,093] {processor.py:642} INFO - Processing file /opt/airflow/dags/zones_data_ingestion_gcs_dag.py for tasks to queue
[2022-02-13 00:16:14,094] {logging_mixin.py:109} INFO - [2022-02-13 00:16:14,094] {dagbag.py:500} INFO - Filling up the DagBag from /opt/airflow/dags/zones_data_ingestion_gcs_dag.py
[2022-02-13 00:16:14,974] {processor.py:654} INFO - DAG(s) dict_keys(['zones_data_ingestion_gcs_dag']) retrieved from /opt/airflow/dags/zones_data_ingestion_gcs_dag.py
[2022-02-13 00:16:14,987] {logging_mixin.py:109} INFO - [2022-02-13 00:16:14,986] {dag.py:2396} INFO - Sync 1 DAGs
[2022-02-13 00:16:15,011] {logging_mixin.py:109} INFO - [2022-02-13 00:16:15,011] {dag.py:2935} INFO - Setting next_dagrun for zones_data_ingestion_gcs_dag to 2019-01-01T00:00:00+00:00
[2022-02-13 00:16:15,022] {processor.py:171} INFO - Processing /opt/airflow/dags/zones_data_ingestion_gcs_dag.py took 0.936 seconds
[2022-02-13 00:16:45,159] {processor.py:163} INFO - Started process (PID=417693) to work on /opt/airflow/dags/zones_data_ingestion_gcs_dag.py
[2022-02-13 00:16:45,161] {processor.py:642} INFO - Processing file /opt/airflow/dags/zones_data_ingestion_gcs_dag.py for tasks to queue
[2022-02-13 00:16:45,162] {logging_mixin.py:109} INFO - [2022-02-13 00:16:45,162] {dagbag.py:500} INFO - Filling up the DagBag from /opt/airflow/dags/zones_data_ingestion_gcs_dag.py
[2022-02-13 00:16:46,052] {processor.py:654} INFO - DAG(s) dict_keys(['zones_data_ingestion_gcs_dag']) retrieved from /opt/airflow/dags/zones_data_ingestion_gcs_dag.py
[2022-02-13 00:16:46,065] {logging_mixin.py:109} INFO - [2022-02-13 00:16:46,065] {dag.py:2396} INFO - Sync 1 DAGs
[2022-02-13 00:16:46,091] {logging_mixin.py:109} INFO - [2022-02-13 00:16:46,091] {dag.py:2935} INFO - Setting next_dagrun for zones_data_ingestion_gcs_dag to 2019-01-01T00:00:00+00:00
[2022-02-13 00:16:46,106] {processor.py:171} INFO - Processing /opt/airflow/dags/zones_data_ingestion_gcs_dag.py took 0.952 seconds
[2022-02-13 00:17:16,448] {processor.py:163} INFO - Started process (PID=417741) to work on /opt/airflow/dags/zones_data_ingestion_gcs_dag.py
[2022-02-13 00:17:16,451] {processor.py:642} INFO - Processing file /opt/airflow/dags/zones_data_ingestion_gcs_dag.py for tasks to queue
[2022-02-13 00:17:16,452] {logging_mixin.py:109} INFO - [2022-02-13 00:17:16,452] {dagbag.py:500} INFO - Filling up the DagBag from /opt/airflow/dags/zones_data_ingestion_gcs_dag.py
[2022-02-13 00:17:17,389] {processor.py:654} INFO - DAG(s) dict_keys(['zones_data_ingestion_gcs_dag']) retrieved from /opt/airflow/dags/zones_data_ingestion_gcs_dag.py
[2022-02-13 00:17:17,402] {logging_mixin.py:109} INFO - [2022-02-13 00:17:17,402] {dag.py:2396} INFO - Sync 1 DAGs
[2022-02-13 00:17:17,422] {logging_mixin.py:109} INFO - [2022-02-13 00:17:17,422] {dag.py:2935} INFO - Setting next_dagrun for zones_data_ingestion_gcs_dag to 2019-01-01T00:00:00+00:00
[2022-02-13 00:17:17,434] {processor.py:171} INFO - Processing /opt/airflow/dags/zones_data_ingestion_gcs_dag.py took 0.992 seconds
[2022-02-13 00:17:47,559] {processor.py:163} INFO - Started process (PID=417777) to work on /opt/airflow/dags/zones_data_ingestion_gcs_dag.py
[2022-02-13 00:17:47,562] {processor.py:642} INFO - Processing file /opt/airflow/dags/zones_data_ingestion_gcs_dag.py for tasks to queue
[2022-02-13 00:17:47,563] {logging_mixin.py:109} INFO - [2022-02-13 00:17:47,563] {dagbag.py:500} INFO - Filling up the DagBag from /opt/airflow/dags/zones_data_ingestion_gcs_dag.py
[2022-02-13 00:17:48,419] {processor.py:654} INFO - DAG(s) dict_keys(['zones_data_ingestion_gcs_dag']) retrieved from /opt/airflow/dags/zones_data_ingestion_gcs_dag.py
[2022-02-13 00:17:48,432] {logging_mixin.py:109} INFO - [2022-02-13 00:17:48,431] {dag.py:2396} INFO - Sync 1 DAGs
[2022-02-13 00:17:48,453] {logging_mixin.py:109} INFO - [2022-02-13 00:17:48,453] {dag.py:2935} INFO - Setting next_dagrun for zones_data_ingestion_gcs_dag to 2019-01-01T00:00:00+00:00
[2022-02-13 00:17:48,466] {processor.py:171} INFO - Processing /opt/airflow/dags/zones_data_ingestion_gcs_dag.py took 0.912 seconds
[2022-02-13 00:18:18,506] {processor.py:163} INFO - Started process (PID=417812) to work on /opt/airflow/dags/zones_data_ingestion_gcs_dag.py
[2022-02-13 00:18:18,508] {processor.py:642} INFO - Processing file /opt/airflow/dags/zones_data_ingestion_gcs_dag.py for tasks to queue
[2022-02-13 00:18:18,509] {logging_mixin.py:109} INFO - [2022-02-13 00:18:18,509] {dagbag.py:500} INFO - Filling up the DagBag from /opt/airflow/dags/zones_data_ingestion_gcs_dag.py
[2022-02-13 00:18:19,408] {processor.py:654} INFO - DAG(s) dict_keys(['zones_data_ingestion_gcs_dag']) retrieved from /opt/airflow/dags/zones_data_ingestion_gcs_dag.py
[2022-02-13 00:18:19,419] {logging_mixin.py:109} INFO - [2022-02-13 00:18:19,419] {dag.py:2396} INFO - Sync 1 DAGs
[2022-02-13 00:18:19,438] {logging_mixin.py:109} INFO - [2022-02-13 00:18:19,437] {dag.py:2935} INFO - Setting next_dagrun for zones_data_ingestion_gcs_dag to 2019-01-01T00:00:00+00:00
[2022-02-13 00:18:19,448] {processor.py:171} INFO - Processing /opt/airflow/dags/zones_data_ingestion_gcs_dag.py took 0.948 seconds
[2022-02-13 00:18:49,578] {processor.py:163} INFO - Started process (PID=417857) to work on /opt/airflow/dags/zones_data_ingestion_gcs_dag.py
[2022-02-13 00:18:49,582] {processor.py:642} INFO - Processing file /opt/airflow/dags/zones_data_ingestion_gcs_dag.py for tasks to queue
[2022-02-13 00:18:49,583] {logging_mixin.py:109} INFO - [2022-02-13 00:18:49,583] {dagbag.py:500} INFO - Filling up the DagBag from /opt/airflow/dags/zones_data_ingestion_gcs_dag.py
[2022-02-13 00:18:50,823] {processor.py:654} INFO - DAG(s) dict_keys(['zones_data_ingestion_gcs_dag']) retrieved from /opt/airflow/dags/zones_data_ingestion_gcs_dag.py
[2022-02-13 00:18:50,839] {logging_mixin.py:109} INFO - [2022-02-13 00:18:50,838] {dag.py:2396} INFO - Sync 1 DAGs
[2022-02-13 00:18:50,868] {logging_mixin.py:109} INFO - [2022-02-13 00:18:50,868] {dag.py:2935} INFO - Setting next_dagrun for zones_data_ingestion_gcs_dag to 2019-01-01T00:00:00+00:00
[2022-02-13 00:18:50,884] {processor.py:171} INFO - Processing /opt/airflow/dags/zones_data_ingestion_gcs_dag.py took 1.313 seconds
[2022-02-13 00:19:21,006] {processor.py:163} INFO - Started process (PID=417896) to work on /opt/airflow/dags/zones_data_ingestion_gcs_dag.py
[2022-02-13 00:19:21,008] {processor.py:642} INFO - Processing file /opt/airflow/dags/zones_data_ingestion_gcs_dag.py for tasks to queue
[2022-02-13 00:19:21,009] {logging_mixin.py:109} INFO - [2022-02-13 00:19:21,009] {dagbag.py:500} INFO - Filling up the DagBag from /opt/airflow/dags/zones_data_ingestion_gcs_dag.py
[2022-02-13 00:19:21,876] {processor.py:654} INFO - DAG(s) dict_keys(['zones_data_ingestion_gcs_dag']) retrieved from /opt/airflow/dags/zones_data_ingestion_gcs_dag.py
[2022-02-13 00:19:21,888] {logging_mixin.py:109} INFO - [2022-02-13 00:19:21,887] {dag.py:2396} INFO - Sync 1 DAGs
[2022-02-13 00:19:21,906] {logging_mixin.py:109} INFO - [2022-02-13 00:19:21,906] {dag.py:2935} INFO - Setting next_dagrun for zones_data_ingestion_gcs_dag to 2019-01-01T00:00:00+00:00
[2022-02-13 00:19:21,917] {processor.py:171} INFO - Processing /opt/airflow/dags/zones_data_ingestion_gcs_dag.py took 0.916 seconds
[2022-02-13 00:19:52,063] {processor.py:163} INFO - Started process (PID=417937) to work on /opt/airflow/dags/zones_data_ingestion_gcs_dag.py
[2022-02-13 00:19:52,066] {processor.py:642} INFO - Processing file /opt/airflow/dags/zones_data_ingestion_gcs_dag.py for tasks to queue
[2022-02-13 00:19:52,067] {logging_mixin.py:109} INFO - [2022-02-13 00:19:52,067] {dagbag.py:500} INFO - Filling up the DagBag from /opt/airflow/dags/zones_data_ingestion_gcs_dag.py
[2022-02-13 00:19:52,972] {processor.py:654} INFO - DAG(s) dict_keys(['zones_data_ingestion_gcs_dag']) retrieved from /opt/airflow/dags/zones_data_ingestion_gcs_dag.py
[2022-02-13 00:19:52,984] {logging_mixin.py:109} INFO - [2022-02-13 00:19:52,983] {dag.py:2396} INFO - Sync 1 DAGs
[2022-02-13 00:19:53,004] {logging_mixin.py:109} INFO - [2022-02-13 00:19:53,003] {dag.py:2935} INFO - Setting next_dagrun for zones_data_ingestion_gcs_dag to 2019-01-01T00:00:00+00:00
[2022-02-13 00:19:53,015] {processor.py:171} INFO - Processing /opt/airflow/dags/zones_data_ingestion_gcs_dag.py took 0.958 seconds
[2022-02-13 00:20:23,398] {processor.py:163} INFO - Started process (PID=417985) to work on /opt/airflow/dags/zones_data_ingestion_gcs_dag.py
[2022-02-13 00:20:23,399] {processor.py:642} INFO - Processing file /opt/airflow/dags/zones_data_ingestion_gcs_dag.py for tasks to queue
[2022-02-13 00:20:23,400] {logging_mixin.py:109} INFO - [2022-02-13 00:20:23,400] {dagbag.py:500} INFO - Filling up the DagBag from /opt/airflow/dags/zones_data_ingestion_gcs_dag.py
[2022-02-13 00:20:24,219] {processor.py:654} INFO - DAG(s) dict_keys(['zones_data_ingestion_gcs_dag']) retrieved from /opt/airflow/dags/zones_data_ingestion_gcs_dag.py
[2022-02-13 00:20:24,231] {logging_mixin.py:109} INFO - [2022-02-13 00:20:24,230] {dag.py:2396} INFO - Sync 1 DAGs
[2022-02-13 00:20:24,249] {logging_mixin.py:109} INFO - [2022-02-13 00:20:24,249] {dag.py:2935} INFO - Setting next_dagrun for zones_data_ingestion_gcs_dag to 2019-01-01T00:00:00+00:00
[2022-02-13 00:20:24,260] {processor.py:171} INFO - Processing /opt/airflow/dags/zones_data_ingestion_gcs_dag.py took 0.867 seconds
[2022-02-13 00:20:54,500] {processor.py:163} INFO - Started process (PID=418023) to work on /opt/airflow/dags/zones_data_ingestion_gcs_dag.py
[2022-02-13 00:20:54,504] {processor.py:642} INFO - Processing file /opt/airflow/dags/zones_data_ingestion_gcs_dag.py for tasks to queue
[2022-02-13 00:20:54,505] {logging_mixin.py:109} INFO - [2022-02-13 00:20:54,505] {dagbag.py:500} INFO - Filling up the DagBag from /opt/airflow/dags/zones_data_ingestion_gcs_dag.py
[2022-02-13 00:20:55,316] {processor.py:654} INFO - DAG(s) dict_keys(['zones_data_ingestion_gcs_dag']) retrieved from /opt/airflow/dags/zones_data_ingestion_gcs_dag.py
[2022-02-13 00:20:55,326] {logging_mixin.py:109} INFO - [2022-02-13 00:20:55,326] {dag.py:2396} INFO - Sync 1 DAGs
[2022-02-13 00:20:55,344] {logging_mixin.py:109} INFO - [2022-02-13 00:20:55,344] {dag.py:2935} INFO - Setting next_dagrun for zones_data_ingestion_gcs_dag to 2019-01-01T00:00:00+00:00
[2022-02-13 00:20:55,355] {processor.py:171} INFO - Processing /opt/airflow/dags/zones_data_ingestion_gcs_dag.py took 0.860 seconds
[2022-02-13 00:21:25,487] {processor.py:163} INFO - Started process (PID=418066) to work on /opt/airflow/dags/zones_data_ingestion_gcs_dag.py
[2022-02-13 00:21:25,489] {processor.py:642} INFO - Processing file /opt/airflow/dags/zones_data_ingestion_gcs_dag.py for tasks to queue
[2022-02-13 00:21:25,490] {logging_mixin.py:109} INFO - [2022-02-13 00:21:25,490] {dagbag.py:500} INFO - Filling up the DagBag from /opt/airflow/dags/zones_data_ingestion_gcs_dag.py
[2022-02-13 00:21:26,371] {processor.py:654} INFO - DAG(s) dict_keys(['zones_data_ingestion_gcs_dag']) retrieved from /opt/airflow/dags/zones_data_ingestion_gcs_dag.py
[2022-02-13 00:21:26,382] {logging_mixin.py:109} INFO - [2022-02-13 00:21:26,381] {dag.py:2396} INFO - Sync 1 DAGs
[2022-02-13 00:21:26,399] {logging_mixin.py:109} INFO - [2022-02-13 00:21:26,399] {dag.py:2935} INFO - Setting next_dagrun for zones_data_ingestion_gcs_dag to 2019-01-01T00:00:00+00:00
[2022-02-13 00:21:26,410] {processor.py:171} INFO - Processing /opt/airflow/dags/zones_data_ingestion_gcs_dag.py took 0.928 seconds
[2022-02-13 00:21:56,520] {processor.py:163} INFO - Started process (PID=418101) to work on /opt/airflow/dags/zones_data_ingestion_gcs_dag.py
[2022-02-13 00:21:56,522] {processor.py:642} INFO - Processing file /opt/airflow/dags/zones_data_ingestion_gcs_dag.py for tasks to queue
[2022-02-13 00:21:56,523] {logging_mixin.py:109} INFO - [2022-02-13 00:21:56,523] {dagbag.py:500} INFO - Filling up the DagBag from /opt/airflow/dags/zones_data_ingestion_gcs_dag.py
[2022-02-13 00:21:57,376] {processor.py:654} INFO - DAG(s) dict_keys(['zones_data_ingestion_gcs_dag']) retrieved from /opt/airflow/dags/zones_data_ingestion_gcs_dag.py
[2022-02-13 00:21:57,387] {logging_mixin.py:109} INFO - [2022-02-13 00:21:57,387] {dag.py:2396} INFO - Sync 1 DAGs
[2022-02-13 00:21:57,408] {logging_mixin.py:109} INFO - [2022-02-13 00:21:57,408] {dag.py:2935} INFO - Setting next_dagrun for zones_data_ingestion_gcs_dag to 2019-01-01T00:00:00+00:00
[2022-02-13 00:21:57,420] {processor.py:171} INFO - Processing /opt/airflow/dags/zones_data_ingestion_gcs_dag.py took 0.906 seconds
[2022-02-13 00:22:24,494] {processor.py:163} INFO - Started process (PID=418136) to work on /opt/airflow/dags/zones_data_ingestion_gcs_dag.py
[2022-02-13 00:22:24,496] {processor.py:642} INFO - Processing file /opt/airflow/dags/zones_data_ingestion_gcs_dag.py for tasks to queue
[2022-02-13 00:22:24,497] {logging_mixin.py:109} INFO - [2022-02-13 00:22:24,497] {dagbag.py:500} INFO - Filling up the DagBag from /opt/airflow/dags/zones_data_ingestion_gcs_dag.py
[2022-02-13 00:22:25,380] {processor.py:654} INFO - DAG(s) dict_keys(['zones_data_ingestion_gcs_dag']) retrieved from /opt/airflow/dags/zones_data_ingestion_gcs_dag.py
[2022-02-13 00:22:25,648] {logging_mixin.py:109} INFO - [2022-02-13 00:22:25,647] {dag.py:2396} INFO - Sync 1 DAGs
[2022-02-13 00:22:25,675] {logging_mixin.py:109} INFO - [2022-02-13 00:22:25,674] {dag.py:2935} INFO - Setting next_dagrun for zones_data_ingestion_gcs_dag to 2019-01-01T00:00:00+00:00
[2022-02-13 00:22:25,695] {processor.py:171} INFO - Processing /opt/airflow/dags/zones_data_ingestion_gcs_dag.py took 1.207 seconds
[2022-02-13 00:22:55,755] {processor.py:163} INFO - Started process (PID=418181) to work on /opt/airflow/dags/zones_data_ingestion_gcs_dag.py
[2022-02-13 00:22:55,758] {processor.py:642} INFO - Processing file /opt/airflow/dags/zones_data_ingestion_gcs_dag.py for tasks to queue
[2022-02-13 00:22:55,759] {logging_mixin.py:109} INFO - [2022-02-13 00:22:55,759] {dagbag.py:500} INFO - Filling up the DagBag from /opt/airflow/dags/zones_data_ingestion_gcs_dag.py
[2022-02-13 00:22:56,625] {processor.py:654} INFO - DAG(s) dict_keys(['zones_data_ingestion_gcs_dag']) retrieved from /opt/airflow/dags/zones_data_ingestion_gcs_dag.py
[2022-02-13 00:22:56,636] {logging_mixin.py:109} INFO - [2022-02-13 00:22:56,635] {dag.py:2396} INFO - Sync 1 DAGs
[2022-02-13 00:22:56,656] {logging_mixin.py:109} INFO - [2022-02-13 00:22:56,656] {dag.py:2935} INFO - Setting next_dagrun for zones_data_ingestion_gcs_dag to 2019-01-01T00:00:00+00:00
[2022-02-13 00:22:56,666] {processor.py:171} INFO - Processing /opt/airflow/dags/zones_data_ingestion_gcs_dag.py took 0.917 seconds
[2022-02-13 00:23:26,774] {processor.py:163} INFO - Started process (PID=418216) to work on /opt/airflow/dags/zones_data_ingestion_gcs_dag.py
[2022-02-13 00:23:26,775] {processor.py:642} INFO - Processing file /opt/airflow/dags/zones_data_ingestion_gcs_dag.py for tasks to queue
[2022-02-13 00:23:26,776] {logging_mixin.py:109} INFO - [2022-02-13 00:23:26,776] {dagbag.py:500} INFO - Filling up the DagBag from /opt/airflow/dags/zones_data_ingestion_gcs_dag.py
[2022-02-13 00:23:27,597] {processor.py:654} INFO - DAG(s) dict_keys(['zones_data_ingestion_gcs_dag']) retrieved from /opt/airflow/dags/zones_data_ingestion_gcs_dag.py
[2022-02-13 00:23:27,608] {logging_mixin.py:109} INFO - [2022-02-13 00:23:27,608] {dag.py:2396} INFO - Sync 1 DAGs
[2022-02-13 00:23:27,627] {logging_mixin.py:109} INFO - [2022-02-13 00:23:27,626] {dag.py:2935} INFO - Setting next_dagrun for zones_data_ingestion_gcs_dag to 2019-01-01T00:00:00+00:00
[2022-02-13 00:23:27,638] {processor.py:171} INFO - Processing /opt/airflow/dags/zones_data_ingestion_gcs_dag.py took 0.869 seconds
[2022-02-13 00:23:54,744] {processor.py:163} INFO - Started process (PID=418251) to work on /opt/airflow/dags/zones_data_ingestion_gcs_dag.py
[2022-02-13 00:23:54,746] {processor.py:642} INFO - Processing file /opt/airflow/dags/zones_data_ingestion_gcs_dag.py for tasks to queue
[2022-02-13 00:23:54,747] {logging_mixin.py:109} INFO - [2022-02-13 00:23:54,747] {dagbag.py:500} INFO - Filling up the DagBag from /opt/airflow/dags/zones_data_ingestion_gcs_dag.py
[2022-02-13 00:23:55,600] {processor.py:654} INFO - DAG(s) dict_keys(['zones_data_ingestion_gcs_dag']) retrieved from /opt/airflow/dags/zones_data_ingestion_gcs_dag.py
[2022-02-13 00:23:55,824] {logging_mixin.py:109} INFO - [2022-02-13 00:23:55,824] {dag.py:2396} INFO - Sync 1 DAGs
[2022-02-13 00:23:55,840] {logging_mixin.py:109} INFO - [2022-02-13 00:23:55,840] {dag.py:2935} INFO - Setting next_dagrun for zones_data_ingestion_gcs_dag to 2019-01-01T00:00:00+00:00
[2022-02-13 00:23:55,856] {processor.py:171} INFO - Processing /opt/airflow/dags/zones_data_ingestion_gcs_dag.py took 1.117 seconds
[2022-02-13 00:24:12,870] {processor.py:163} INFO - Started process (PID=418281) to work on /opt/airflow/dags/zones_data_ingestion_gcs_dag.py
[2022-02-13 00:24:12,871] {processor.py:642} INFO - Processing file /opt/airflow/dags/zones_data_ingestion_gcs_dag.py for tasks to queue
[2022-02-13 00:24:12,872] {logging_mixin.py:109} INFO - [2022-02-13 00:24:12,872] {dagbag.py:500} INFO - Filling up the DagBag from /opt/airflow/dags/zones_data_ingestion_gcs_dag.py
[2022-02-13 00:24:13,715] {processor.py:654} INFO - DAG(s) dict_keys(['zones_data_ingestion_gcs_dag']) retrieved from /opt/airflow/dags/zones_data_ingestion_gcs_dag.py
[2022-02-13 00:24:13,719] {logging_mixin.py:109} INFO - [2022-02-13 00:24:13,719] {dag.py:2396} INFO - Sync 1 DAGs
[2022-02-13 00:24:13,737] {logging_mixin.py:109} INFO - [2022-02-13 00:24:13,737] {dag.py:2935} INFO - Setting next_dagrun for zones_data_ingestion_gcs_dag to 2019-01-01T00:00:00+00:00
[2022-02-13 00:24:13,750] {processor.py:171} INFO - Processing /opt/airflow/dags/zones_data_ingestion_gcs_dag.py took 0.885 seconds
[2022-02-13 00:24:43,818] {processor.py:163} INFO - Started process (PID=418314) to work on /opt/airflow/dags/zones_data_ingestion_gcs_dag.py
[2022-02-13 00:24:43,821] {processor.py:642} INFO - Processing file /opt/airflow/dags/zones_data_ingestion_gcs_dag.py for tasks to queue
[2022-02-13 00:24:43,822] {logging_mixin.py:109} INFO - [2022-02-13 00:24:43,822] {dagbag.py:500} INFO - Filling up the DagBag from /opt/airflow/dags/zones_data_ingestion_gcs_dag.py
[2022-02-13 00:24:44,715] {processor.py:654} INFO - DAG(s) dict_keys(['zones_data_ingestion_gcs_dag']) retrieved from /opt/airflow/dags/zones_data_ingestion_gcs_dag.py
[2022-02-13 00:24:44,989] {logging_mixin.py:109} INFO - [2022-02-13 00:24:44,989] {dag.py:2396} INFO - Sync 1 DAGs
[2022-02-13 00:24:45,014] {logging_mixin.py:109} INFO - [2022-02-13 00:24:45,014] {dag.py:2935} INFO - Setting next_dagrun for zones_data_ingestion_gcs_dag to 2019-01-01T00:00:00+00:00
[2022-02-13 00:24:45,031] {processor.py:171} INFO - Processing /opt/airflow/dags/zones_data_ingestion_gcs_dag.py took 1.218 seconds
[2022-02-13 00:25:15,151] {processor.py:163} INFO - Started process (PID=418347) to work on /opt/airflow/dags/zones_data_ingestion_gcs_dag.py
[2022-02-13 00:25:15,153] {processor.py:642} INFO - Processing file /opt/airflow/dags/zones_data_ingestion_gcs_dag.py for tasks to queue
[2022-02-13 00:25:15,154] {logging_mixin.py:109} INFO - [2022-02-13 00:25:15,154] {dagbag.py:500} INFO - Filling up the DagBag from /opt/airflow/dags/zones_data_ingestion_gcs_dag.py
[2022-02-13 00:25:16,064] {processor.py:654} INFO - DAG(s) dict_keys(['zones_data_ingestion_gcs_dag']) retrieved from /opt/airflow/dags/zones_data_ingestion_gcs_dag.py
[2022-02-13 00:25:16,074] {logging_mixin.py:109} INFO - [2022-02-13 00:25:16,074] {dag.py:2396} INFO - Sync 1 DAGs
[2022-02-13 00:25:16,091] {logging_mixin.py:109} INFO - [2022-02-13 00:25:16,091] {dag.py:2935} INFO - Setting next_dagrun for zones_data_ingestion_gcs_dag to 2019-01-01T00:00:00+00:00
[2022-02-13 00:25:16,100] {processor.py:171} INFO - Processing /opt/airflow/dags/zones_data_ingestion_gcs_dag.py took 0.954 seconds
[2022-02-13 00:25:46,170] {processor.py:163} INFO - Started process (PID=418392) to work on /opt/airflow/dags/zones_data_ingestion_gcs_dag.py
[2022-02-13 00:25:46,173] {processor.py:642} INFO - Processing file /opt/airflow/dags/zones_data_ingestion_gcs_dag.py for tasks to queue
[2022-02-13 00:25:46,174] {logging_mixin.py:109} INFO - [2022-02-13 00:25:46,174] {dagbag.py:500} INFO - Filling up the DagBag from /opt/airflow/dags/zones_data_ingestion_gcs_dag.py
[2022-02-13 00:25:47,036] {processor.py:654} INFO - DAG(s) dict_keys(['zones_data_ingestion_gcs_dag']) retrieved from /opt/airflow/dags/zones_data_ingestion_gcs_dag.py
[2022-02-13 00:25:47,047] {logging_mixin.py:109} INFO - [2022-02-13 00:25:47,046] {dag.py:2396} INFO - Sync 1 DAGs
[2022-02-13 00:25:47,063] {logging_mixin.py:109} INFO - [2022-02-13 00:25:47,063] {dag.py:2935} INFO - Setting next_dagrun for zones_data_ingestion_gcs_dag to 2019-01-01T00:00:00+00:00
[2022-02-13 00:25:47,074] {processor.py:171} INFO - Processing /opt/airflow/dags/zones_data_ingestion_gcs_dag.py took 0.909 seconds
[2022-02-13 00:26:17,316] {processor.py:163} INFO - Started process (PID=418434) to work on /opt/airflow/dags/zones_data_ingestion_gcs_dag.py
[2022-02-13 00:26:17,318] {processor.py:642} INFO - Processing file /opt/airflow/dags/zones_data_ingestion_gcs_dag.py for tasks to queue
[2022-02-13 00:26:17,320] {logging_mixin.py:109} INFO - [2022-02-13 00:26:17,319] {dagbag.py:500} INFO - Filling up the DagBag from /opt/airflow/dags/zones_data_ingestion_gcs_dag.py
[2022-02-13 00:26:18,639] {processor.py:654} INFO - DAG(s) dict_keys(['zones_data_ingestion_gcs_dag']) retrieved from /opt/airflow/dags/zones_data_ingestion_gcs_dag.py
[2022-02-13 00:26:18,655] {logging_mixin.py:109} INFO - [2022-02-13 00:26:18,654] {dag.py:2396} INFO - Sync 1 DAGs
[2022-02-13 00:26:18,702] {processor.py:171} INFO - Processing /opt/airflow/dags/zones_data_ingestion_gcs_dag.py took 1.394 seconds
[2022-02-13 00:26:48,810] {processor.py:163} INFO - Started process (PID=418478) to work on /opt/airflow/dags/zones_data_ingestion_gcs_dag.py
[2022-02-13 00:26:48,814] {processor.py:642} INFO - Processing file /opt/airflow/dags/zones_data_ingestion_gcs_dag.py for tasks to queue
[2022-02-13 00:26:48,816] {logging_mixin.py:109} INFO - [2022-02-13 00:26:48,815] {dagbag.py:500} INFO - Filling up the DagBag from /opt/airflow/dags/zones_data_ingestion_gcs_dag.py
[2022-02-13 00:26:49,984] {processor.py:654} INFO - DAG(s) dict_keys(['zones_data_ingestion_gcs_dag']) retrieved from /opt/airflow/dags/zones_data_ingestion_gcs_dag.py
[2022-02-13 00:26:50,000] {logging_mixin.py:109} INFO - [2022-02-13 00:26:49,999] {dag.py:2396} INFO - Sync 1 DAGs
[2022-02-13 00:26:50,027] {logging_mixin.py:109} INFO - [2022-02-13 00:26:50,026] {dag.py:2935} INFO - Setting next_dagrun for zones_data_ingestion_gcs_dag to None
[2022-02-13 00:26:50,042] {processor.py:171} INFO - Processing /opt/airflow/dags/zones_data_ingestion_gcs_dag.py took 1.238 seconds
[2022-02-13 00:27:20,097] {processor.py:163} INFO - Started process (PID=418512) to work on /opt/airflow/dags/zones_data_ingestion_gcs_dag.py
[2022-02-13 00:27:20,098] {processor.py:642} INFO - Processing file /opt/airflow/dags/zones_data_ingestion_gcs_dag.py for tasks to queue
[2022-02-13 00:27:20,099] {logging_mixin.py:109} INFO - [2022-02-13 00:27:20,099] {dagbag.py:500} INFO - Filling up the DagBag from /opt/airflow/dags/zones_data_ingestion_gcs_dag.py
[2022-02-13 00:27:20,935] {processor.py:654} INFO - DAG(s) dict_keys(['zones_data_ingestion_gcs_dag']) retrieved from /opt/airflow/dags/zones_data_ingestion_gcs_dag.py
[2022-02-13 00:27:20,947] {logging_mixin.py:109} INFO - [2022-02-13 00:27:20,946] {dag.py:2396} INFO - Sync 1 DAGs
[2022-02-13 00:27:20,965] {logging_mixin.py:109} INFO - [2022-02-13 00:27:20,965] {dag.py:2935} INFO - Setting next_dagrun for zones_data_ingestion_gcs_dag to None
[2022-02-13 00:27:20,976] {processor.py:171} INFO - Processing /opt/airflow/dags/zones_data_ingestion_gcs_dag.py took 0.884 seconds
[2022-02-13 00:27:51,098] {processor.py:163} INFO - Started process (PID=418547) to work on /opt/airflow/dags/zones_data_ingestion_gcs_dag.py
[2022-02-13 00:27:51,103] {processor.py:642} INFO - Processing file /opt/airflow/dags/zones_data_ingestion_gcs_dag.py for tasks to queue
[2022-02-13 00:27:51,104] {logging_mixin.py:109} INFO - [2022-02-13 00:27:51,104] {dagbag.py:500} INFO - Filling up the DagBag from /opt/airflow/dags/zones_data_ingestion_gcs_dag.py
[2022-02-13 00:27:51,984] {processor.py:654} INFO - DAG(s) dict_keys(['zones_data_ingestion_gcs_dag']) retrieved from /opt/airflow/dags/zones_data_ingestion_gcs_dag.py
[2022-02-13 00:27:52,000] {logging_mixin.py:109} INFO - [2022-02-13 00:27:51,999] {dag.py:2396} INFO - Sync 1 DAGs
[2022-02-13 00:27:52,017] {logging_mixin.py:109} INFO - [2022-02-13 00:27:52,017] {dag.py:2935} INFO - Setting next_dagrun for zones_data_ingestion_gcs_dag to None
[2022-02-13 00:27:52,028] {processor.py:171} INFO - Processing /opt/airflow/dags/zones_data_ingestion_gcs_dag.py took 0.935 seconds
[2022-02-13 00:28:22,175] {processor.py:163} INFO - Started process (PID=418590) to work on /opt/airflow/dags/zones_data_ingestion_gcs_dag.py
[2022-02-13 00:28:22,187] {processor.py:642} INFO - Processing file /opt/airflow/dags/zones_data_ingestion_gcs_dag.py for tasks to queue
[2022-02-13 00:28:22,188] {logging_mixin.py:109} INFO - [2022-02-13 00:28:22,188] {dagbag.py:500} INFO - Filling up the DagBag from /opt/airflow/dags/zones_data_ingestion_gcs_dag.py
[2022-02-13 00:28:23,799] {processor.py:654} INFO - DAG(s) dict_keys(['zones_data_ingestion_gcs_dag']) retrieved from /opt/airflow/dags/zones_data_ingestion_gcs_dag.py
[2022-02-13 00:28:23,815] {logging_mixin.py:109} INFO - [2022-02-13 00:28:23,814] {dag.py:2396} INFO - Sync 1 DAGs
[2022-02-13 00:28:23,845] {logging_mixin.py:109} INFO - [2022-02-13 00:28:23,844] {dag.py:2935} INFO - Setting next_dagrun for zones_data_ingestion_gcs_dag to None
[2022-02-13 00:28:23,861] {processor.py:171} INFO - Processing /opt/airflow/dags/zones_data_ingestion_gcs_dag.py took 1.705 seconds
